This file contains any messages produced by compilers while
running configure, to aid debugging if configure makes a mistake.

It was created by gfarm2fs configure 0.9, which was
generated by GNU Autoconf 2.61.  Invocation command line was

  $ ./configure --prefix=/Users/vitran/irisawork/Gfarm_blobSeer/gfarm2fs_bin --with-gfarm=/Users/vitran/irisawork/Gfarm_blobSeer/gfarm_bin/

## --------- ##
## Platform. ##
## --------- ##

hostname = orion3th.irisa.fr
uname -m = i386
uname -r = 10.3.0
uname -s = Darwin
uname -v = Darwin Kernel Version 10.3.0: Fri Feb 26 11:58:09 PST 2010; root:xnu-1504.3.12~1/RELEASE_I386

/usr/bin/uname -p = i386
/bin/uname -X     = unknown

/bin/arch              = unknown
/usr/bin/arch -k       = unknown
/usr/convex/getsysinfo = unknown
/usr/bin/hostinfo      = Mach kernel version:
	 Darwin Kernel Version 10.3.0: Fri Feb 26 11:58:09 PST 2010; root:xnu-1504.3.12~1/RELEASE_I386
Kernel configured for up to 2 processors.
2 processors are physically available.
2 processors are logically available.
Processor type: i486 (Intel 80486)
Processors active: 0 1
Primary memory available: 4.00 gigabytes
Default processor set: 101 tasks, 429 threads, 2 processors
Load average: 1.36, Mach factor: 0.94
/bin/machine           = unknown
/usr/bin/oslevel       = unknown
/bin/universe          = unknown

PATH: /Users/vitran/deploy/bin/
PATH: /opt/local/bin
PATH: /opt/local/sbin
PATH: /sw/bin
PATH: /sw/sbin
PATH: /opt/local/bin
PATH: /opt/local/sbin
PATH: /usr/bin
PATH: /bin
PATH: /usr/sbin
PATH: /sbin
PATH: /usr/local/bin
PATH: /usr/texbin
PATH: /usr/X11/bin
PATH: /usr/X11R6/bin
PATH: /Users/vitran/irisawork/Gfarm_blobSeer/postgres_bin/bin/


## ----------- ##
## Core tests. ##
## ----------- ##

configure:1981: checking for a BSD-compatible install
configure:2037: result: /usr/bin/install -c
configure:2048: checking whether build environment is sane
configure:2091: result: yes
configure:2156: checking for gawk
configure:2186: result: no
configure:2156: checking for mawk
configure:2186: result: no
configure:2156: checking for nawk
configure:2186: result: no
configure:2156: checking for awk
configure:2172: found /usr/bin/awk
configure:2183: result: awk
configure:2194: checking whether make sets $(MAKE)
configure:2215: result: yes
configure:2399: checking whether to enable maintainer-specific portions of Makefiles
configure:2408: result: no
configure:2440: checking for style of include used by make
configure:2468: result: GNU
configure:2541: checking for gcc
configure:2557: found /usr/bin/gcc
configure:2568: result: gcc
configure:2806: checking for C compiler version
configure:2813: gcc --version >&5
i686-apple-darwin10-gcc-4.2.1 (GCC) 4.2.1 (Apple Inc. build 5659)
Copyright (C) 2007 Free Software Foundation, Inc.
This is free software; see the source for copying conditions.  There is NO
warranty; not even for MERCHANTABILITY or FITNESS FOR A PARTICULAR PURPOSE.

configure:2816: $? = 0
configure:2823: gcc -v >&5
Using built-in specs.
Target: i686-apple-darwin10
Configured with: /var/tmp/gcc/gcc-5659~1/src/configure --disable-checking --enable-werror --prefix=/usr --mandir=/share/man --enable-languages=c,objc,c++,obj-c++ --program-transform-name=/^[cg][^.-]*$/s/$/-4.2/ --with-slibdir=/usr/lib --build=i686-apple-darwin10 --program-prefix=i686-apple-darwin10- --host=x86_64-apple-darwin10 --target=i686-apple-darwin10 --with-gxx-include-dir=/include/c++/4.2.1
Thread model: posix
gcc version 4.2.1 (Apple Inc. build 5659)
configure:2826: $? = 0
configure:2833: gcc -V >&5
gcc-4.2: argument to `-V' is missing
configure:2836: $? = 1
configure:2859: checking for C compiler default output file name
configure:2886: gcc -D__FreeBSD__=10   conftest.c  >&5
configure:2889: $? = 0
configure:2927: result: a.out
configure:2944: checking whether the C compiler works
configure:2954: ./a.out
configure:2957: $? = 0
configure:2974: result: yes
configure:2981: checking whether we are cross compiling
configure:2983: result: no
configure:2986: checking for suffix of executables
configure:2993: gcc -o conftest -D__FreeBSD__=10   conftest.c  >&5
configure:2996: $? = 0
configure:3020: result: 
configure:3026: checking for suffix of object files
configure:3052: gcc -c -D__FreeBSD__=10  conftest.c >&5
configure:3055: $? = 0
configure:3078: result: o
configure:3082: checking whether we are using the GNU C compiler
configure:3111: gcc -c -D__FreeBSD__=10  conftest.c >&5
configure:3117: $? = 0
configure:3134: result: yes
configure:3139: checking whether gcc accepts -g
configure:3169: gcc -c -g  conftest.c >&5
configure:3175: $? = 0
configure:3274: result: yes
configure:3291: checking for gcc option to accept ISO C89
configure:3365: gcc  -c -D__FreeBSD__=10  conftest.c >&5
configure:3371: $? = 0
configure:3394: result: none needed
configure:3414: checking dependency style of gcc
configure:3504: result: gcc3
configure:3529: checking for special C compiler options needed for large files
configure:3622: result: no
configure:3628: checking for _FILE_OFFSET_BITS value needed for large files
configure:3663: gcc -c -D__FreeBSD__=10  conftest.c >&5
configure:3669: $? = 0
configure:3737: result: no
configure:3922: checking for gcc
configure:3949: result: gcc
configure:4187: checking for C compiler version
configure:4194: gcc --version >&5
i686-apple-darwin10-gcc-4.2.1 (GCC) 4.2.1 (Apple Inc. build 5659)
Copyright (C) 2007 Free Software Foundation, Inc.
This is free software; see the source for copying conditions.  There is NO
warranty; not even for MERCHANTABILITY or FITNESS FOR A PARTICULAR PURPOSE.

configure:4197: $? = 0
configure:4204: gcc -v >&5
Using built-in specs.
Target: i686-apple-darwin10
Configured with: /var/tmp/gcc/gcc-5659~1/src/configure --disable-checking --enable-werror --prefix=/usr --mandir=/share/man --enable-languages=c,objc,c++,obj-c++ --program-transform-name=/^[cg][^.-]*$/s/$/-4.2/ --with-slibdir=/usr/lib --build=i686-apple-darwin10 --program-prefix=i686-apple-darwin10- --host=x86_64-apple-darwin10 --target=i686-apple-darwin10 --with-gxx-include-dir=/include/c++/4.2.1
Thread model: posix
gcc version 4.2.1 (Apple Inc. build 5659)
configure:4207: $? = 0
configure:4214: gcc -V >&5
gcc-4.2: argument to `-V' is missing
configure:4217: $? = 1
configure:4220: checking whether we are using the GNU C compiler
configure:4272: result: yes
configure:4277: checking whether gcc accepts -g
configure:4412: result: yes
configure:4429: checking for gcc option to accept ISO C89
configure:4532: result: none needed
configure:4552: checking dependency style of gcc
configure:4642: result: gcc3
configure:4737: checking build system type
configure:4755: result: i686-apple-darwin10.3.0
configure:4777: checking host system type
configure:4792: result: i686-apple-darwin10.3.0
configure:4814: checking for a sed that does not truncate output
configure:4870: result: /usr/bin/sed
configure:4873: checking for grep that handles long lines and -e
configure:4947: result: /usr/bin/grep
configure:4952: checking for egrep
configure:5030: result: /usr/bin/grep -E
configure:5046: checking for ld used by gcc
configure:5113: result: /usr/libexec/gcc/i686-apple-darwin10/4.2.1/ld
configure:5122: checking if the linker (/usr/libexec/gcc/i686-apple-darwin10/4.2.1/ld) is GNU ld
configure:5137: result: no
configure:5142: checking for /usr/libexec/gcc/i686-apple-darwin10/4.2.1/ld option to reload object files
configure:5149: result: -r
configure:5167: checking for BSD-compatible nm
configure:5216: result: /usr/bin/nm
configure:5220: checking whether ln -s works
configure:5224: result: yes
configure:5231: checking how to recognise dependent libraries
configure:5407: result: pass_all
configure:5640: checking how to run the C preprocessor
configure:5680: gcc -E  conftest.c
configure:5686: $? = 0
configure:5717: gcc -E  conftest.c
conftest.c:10:28: error: ac_nonexistent.h: No such file or directory
configure:5723: $? = 1
configure: failed program was:
| /* confdefs.h.  */
| #define PACKAGE_NAME "gfarm2fs"
| #define PACKAGE_TARNAME "gfarm2fs"
| #define PACKAGE_VERSION "0.9"
| #define PACKAGE_STRING "gfarm2fs 0.9"
| #define PACKAGE_BUGREPORT ""
| #define PACKAGE "gfarm2fs"
| #define VERSION "0.9"
| /* end confdefs.h.  */
| #include <ac_nonexistent.h>
configure:5756: result: gcc -E
configure:5785: gcc -E  conftest.c
configure:5791: $? = 0
configure:5822: gcc -E  conftest.c
conftest.c:10:28: error: ac_nonexistent.h: No such file or directory
configure:5828: $? = 1
configure: failed program was:
| /* confdefs.h.  */
| #define PACKAGE_NAME "gfarm2fs"
| #define PACKAGE_TARNAME "gfarm2fs"
| #define PACKAGE_VERSION "0.9"
| #define PACKAGE_STRING "gfarm2fs 0.9"
| #define PACKAGE_BUGREPORT ""
| #define PACKAGE "gfarm2fs"
| #define VERSION "0.9"
| /* end confdefs.h.  */
| #include <ac_nonexistent.h>
configure:5866: checking for ANSI C header files
configure:5896: gcc -c -D__FreeBSD__=10  conftest.c >&5
configure:5902: $? = 0
configure:6001: gcc -o conftest -D__FreeBSD__=10   conftest.c  >&5
configure:6004: $? = 0
configure:6010: ./conftest
configure:6013: $? = 0
configure:6030: result: yes
configure:6054: checking for sys/types.h
configure:6075: gcc -c -D__FreeBSD__=10  conftest.c >&5
configure:6081: $? = 0
configure:6097: result: yes
configure:6054: checking for sys/stat.h
configure:6075: gcc -c -D__FreeBSD__=10  conftest.c >&5
configure:6081: $? = 0
configure:6097: result: yes
configure:6054: checking for stdlib.h
configure:6075: gcc -c -D__FreeBSD__=10  conftest.c >&5
configure:6081: $? = 0
configure:6097: result: yes
configure:6054: checking for string.h
configure:6075: gcc -c -D__FreeBSD__=10  conftest.c >&5
configure:6081: $? = 0
configure:6097: result: yes
configure:6054: checking for memory.h
configure:6075: gcc -c -D__FreeBSD__=10  conftest.c >&5
configure:6081: $? = 0
configure:6097: result: yes
configure:6054: checking for strings.h
configure:6075: gcc -c -D__FreeBSD__=10  conftest.c >&5
configure:6081: $? = 0
configure:6097: result: yes
configure:6054: checking for inttypes.h
configure:6075: gcc -c -D__FreeBSD__=10  conftest.c >&5
configure:6081: $? = 0
configure:6097: result: yes
configure:6054: checking for stdint.h
configure:6075: gcc -c -D__FreeBSD__=10  conftest.c >&5
configure:6081: $? = 0
configure:6097: result: yes
configure:6054: checking for unistd.h
configure:6075: gcc -c -D__FreeBSD__=10  conftest.c >&5
configure:6081: $? = 0
configure:6097: result: yes
configure:6124: checking dlfcn.h usability
configure:6141: gcc -c -D__FreeBSD__=10  conftest.c >&5
configure:6147: $? = 0
configure:6161: result: yes
configure:6165: checking dlfcn.h presence
configure:6180: gcc -E  conftest.c
configure:6186: $? = 0
configure:6200: result: yes
configure:6228: checking for dlfcn.h
configure:6236: result: yes
configure:6307: checking for g++
configure:6323: found /usr/bin/g++
configure:6334: result: g++
configure:6365: checking for C++ compiler version
configure:6372: g++ --version >&5
i686-apple-darwin10-g++-4.2.1 (GCC) 4.2.1 (Apple Inc. build 5659)
Copyright (C) 2007 Free Software Foundation, Inc.
This is free software; see the source for copying conditions.  There is NO
warranty; not even for MERCHANTABILITY or FITNESS FOR A PARTICULAR PURPOSE.

configure:6375: $? = 0
configure:6382: g++ -v >&5
Using built-in specs.
Target: i686-apple-darwin10
Configured with: /var/tmp/gcc/gcc-5659~1/src/configure --disable-checking --enable-werror --prefix=/usr --mandir=/share/man --enable-languages=c,objc,c++,obj-c++ --program-transform-name=/^[cg][^.-]*$/s/$/-4.2/ --with-slibdir=/usr/lib --build=i686-apple-darwin10 --program-prefix=i686-apple-darwin10- --host=x86_64-apple-darwin10 --target=i686-apple-darwin10 --with-gxx-include-dir=/include/c++/4.2.1
Thread model: posix
gcc version 4.2.1 (Apple Inc. build 5659)
configure:6385: $? = 0
configure:6392: g++ -V >&5
g++-4.2: argument to `-V' is missing
configure:6395: $? = 1
configure:6398: checking whether we are using the GNU C++ compiler
configure:6427: g++ -c   conftest.cpp >&5
configure:6433: $? = 0
configure:6450: result: yes
configure:6455: checking whether g++ accepts -g
configure:6485: g++ -c -g  conftest.cpp >&5
configure:6491: $? = 0
configure:6590: result: yes
configure:6615: checking dependency style of g++
configure:6705: result: gcc3
configure:6732: checking how to run the C++ preprocessor
configure:6768: g++ -E  conftest.cpp
configure:6774: $? = 0
configure:6805: g++ -E  conftest.cpp
conftest.cpp:21:28: error: ac_nonexistent.h: No such file or directory
configure:6811: $? = 1
configure: failed program was:
| /* confdefs.h.  */
| #define PACKAGE_NAME "gfarm2fs"
| #define PACKAGE_TARNAME "gfarm2fs"
| #define PACKAGE_VERSION "0.9"
| #define PACKAGE_STRING "gfarm2fs 0.9"
| #define PACKAGE_BUGREPORT ""
| #define PACKAGE "gfarm2fs"
| #define VERSION "0.9"
| #define STDC_HEADERS 1
| #define HAVE_SYS_TYPES_H 1
| #define HAVE_SYS_STAT_H 1
| #define HAVE_STDLIB_H 1
| #define HAVE_STRING_H 1
| #define HAVE_MEMORY_H 1
| #define HAVE_STRINGS_H 1
| #define HAVE_INTTYPES_H 1
| #define HAVE_STDINT_H 1
| #define HAVE_UNISTD_H 1
| #define HAVE_DLFCN_H 1
| /* end confdefs.h.  */
| #include <ac_nonexistent.h>
configure:6844: result: g++ -E
configure:6873: g++ -E  conftest.cpp
configure:6879: $? = 0
configure:6910: g++ -E  conftest.cpp
conftest.cpp:21:28: error: ac_nonexistent.h: No such file or directory
configure:6916: $? = 1
configure: failed program was:
| /* confdefs.h.  */
| #define PACKAGE_NAME "gfarm2fs"
| #define PACKAGE_TARNAME "gfarm2fs"
| #define PACKAGE_VERSION "0.9"
| #define PACKAGE_STRING "gfarm2fs 0.9"
| #define PACKAGE_BUGREPORT ""
| #define PACKAGE "gfarm2fs"
| #define VERSION "0.9"
| #define STDC_HEADERS 1
| #define HAVE_SYS_TYPES_H 1
| #define HAVE_SYS_STAT_H 1
| #define HAVE_STDLIB_H 1
| #define HAVE_STRING_H 1
| #define HAVE_MEMORY_H 1
| #define HAVE_STRINGS_H 1
| #define HAVE_INTTYPES_H 1
| #define HAVE_STDINT_H 1
| #define HAVE_UNISTD_H 1
| #define HAVE_DLFCN_H 1
| /* end confdefs.h.  */
| #include <ac_nonexistent.h>
configure:7009: checking for g77
configure:7039: result: no
configure:7009: checking for xlf
configure:7039: result: no
configure:7009: checking for f77
configure:7039: result: no
configure:7009: checking for frt
configure:7039: result: no
configure:7009: checking for pgf77
configure:7039: result: no
configure:7009: checking for cf77
configure:7039: result: no
configure:7009: checking for fort77
configure:7039: result: no
configure:7009: checking for fl32
configure:7039: result: no
configure:7009: checking for af77
configure:7039: result: no
configure:7009: checking for xlf90
configure:7039: result: no
configure:7009: checking for f90
configure:7039: result: no
configure:7009: checking for pgf90
configure:7039: result: no
configure:7009: checking for pghpf
configure:7039: result: no
configure:7009: checking for epcf90
configure:7039: result: no
configure:7009: checking for gfortran
configure:7039: result: no
configure:7009: checking for g95
configure:7039: result: no
configure:7009: checking for xlf95
configure:7039: result: no
configure:7009: checking for f95
configure:7039: result: no
configure:7009: checking for fort
configure:7039: result: no
configure:7009: checking for ifort
configure:7039: result: no
configure:7009: checking for ifc
configure:7039: result: no
configure:7009: checking for efc
configure:7039: result: no
configure:7009: checking for pgf95
configure:7039: result: no
configure:7009: checking for lf95
configure:7039: result: no
configure:7009: checking for ftn
configure:7039: result: no
configure:7066: checking for Fortran 77 compiler version
configure:7073:  --version >&5
./configure: line 7074: --version: command not found
configure:7076: $? = 127
configure:7083:  -v >&5
./configure: line 7084: -v: command not found
configure:7086: $? = 127
configure:7093:  -V >&5
./configure: line 7094: -V: command not found
configure:7096: $? = 127
configure:7104: checking whether we are using the GNU Fortran 77 compiler
configure:7123:  -c  conftest.F >&5
./configure: line 7124: -c: command not found
configure:7129: $? = 127
configure: failed program was:
|       program main
| #ifndef __GNUC__
|        choke me
| #endif
| 
|       end
configure:7146: result: no
configure:7152: checking whether  accepts -g
configure:7169:  -c -g conftest.f >&5
./configure: line 7170: -c: command not found
configure:7175: $? = 127
configure: failed program was:
|       program main
| 
|       end
configure:7191: result: no
configure:7221: checking the maximum length of command line arguments
configure:7330: result: 196608
configure:7341: checking command to parse /usr/bin/nm output from gcc object
configure:7446: gcc -c -D__FreeBSD__=10  conftest.c >&5
configure:7449: $? = 0
configure:7453: /usr/bin/nm conftest.o \| sed -n -e 's/^.*[ 	]\([BCDEGRST][BCDEGRST]*\)[ 	][ 	]*\([_A-Za-z][_A-Za-z0-9]*\)$/\1 \2 \2/p' \> conftest.nm
configure:7456: $? = 0
cannot find nm_test_var in conftest.nm
configure:7446: gcc -c -D__FreeBSD__=10  conftest.c >&5
configure:7449: $? = 0
configure:7453: /usr/bin/nm conftest.o \| sed -n -e 's/^.*[ 	]\([BCDEGRST][BCDEGRST]*\)[ 	][ 	]*_\([_A-Za-z][_A-Za-z0-9]*\)$/\1 _\2 \2/p' \> conftest.nm
configure:7456: $? = 0
configure:7508: gcc -o conftest -D__FreeBSD__=10   conftest.c conftstm.o >&5
configure:7511: $? = 0
configure:7549: result: ok
configure:7553: checking for objdir
configure:7568: result: .libs
configure:7660: checking for ar
configure:7676: found /usr/bin/ar
configure:7687: result: ar
configure:7756: checking for ranlib
configure:7772: found /usr/bin/ranlib
configure:7783: result: ranlib
configure:7852: checking for strip
configure:7868: found /usr/bin/strip
configure:7879: result: strip
configure:8165: checking if gcc supports -fno-rtti -fno-exceptions
configure:8183: gcc -c -D__FreeBSD__=10  -fno-rtti -fno-exceptions conftest.c >&5
cc1: warning: command line option "-fno-rtti" is valid for C++/ObjC++ but not for C
configure:8187: $? = 0
configure:8200: result: no
configure:8215: checking for gcc option to produce PIC
configure:8425: result: -fno-common
configure:8433: checking if gcc PIC flag -fno-common works
configure:8451: gcc -c -D__FreeBSD__=10  -fno-common -DPIC conftest.c >&5
configure:8455: $? = 0
configure:8468: result: yes
configure:8496: checking if gcc static flag -static works
configure:8524: result: no
configure:8534: checking if gcc supports -c -o file.o
configure:8555: gcc -c -D__FreeBSD__=10  -o out/conftest2.o conftest.c >&5
configure:8559: $? = 0
configure:8581: result: yes
configure:8607: checking whether the gcc linker (/usr/libexec/gcc/i686-apple-darwin10/4.2.1/ld) supports shared libraries
configure:9561: result: yes
configure:9628: checking dynamic linker characteristics
configure:10237: result: darwin10.3.0 dyld
configure:10246: checking how to hardcode library paths into programs
configure:10271: result: immediate
configure:10285: checking whether stripping libraries is possible
configure:10298: result: yes
configure:11091: checking if libtool supports shared libraries
configure:11093: result: yes
configure:11096: checking whether to build shared libraries
configure:11117: result: yes
configure:11120: checking whether to build static libraries
configure:11124: result: yes
configure:11216: creating libtool
configure:11807: checking for ld used by g++
configure:11874: result: /usr/libexec/gcc/i686-apple-darwin10/4.2.1/ld
configure:11883: checking if the linker (/usr/libexec/gcc/i686-apple-darwin10/4.2.1/ld) is GNU ld
configure:11898: result: no
configure:11949: checking whether the g++ linker (/usr/libexec/gcc/i686-apple-darwin10/4.2.1/ld) supports shared libraries
configure:12883: result: yes
configure:12901: g++ -c -g -O2  conftest.cpp >&5
configure:12904: $? = 0
configure:13023: checking for g++ option to produce PIC
configure:13297: result: -fno-common
configure:13305: checking if g++ PIC flag -fno-common works
configure:13323: g++ -c -g -O2  -fno-common -DPIC conftest.cpp >&5
configure:13327: $? = 0
configure:13340: result: yes
configure:13368: checking if g++ static flag -static works
configure:13396: result: no
configure:13406: checking if g++ supports -c -o file.o
configure:13427: g++ -c -g -O2  -o out/conftest2.o conftest.cpp >&5
configure:13431: $? = 0
configure:13453: result: yes
configure:13479: checking whether the g++ linker (/usr/libexec/gcc/i686-apple-darwin10/4.2.1/ld) supports shared libraries
configure:13504: result: yes
configure:13571: checking dynamic linker characteristics
configure:14180: result: darwin10.3.0 dyld
configure:14189: checking how to hardcode library paths into programs
configure:14214: result: immediate
configure:20410: checking Gfarm file system package
configure:20422: result: /Users/vitran/irisawork/Gfarm_blobSeer/gfarm_bin/
configure:20447: checking gfarm/gfarm.h usability
configure:20464: gcc -c -D__FreeBSD__=10  -I/Users/vitran/irisawork/Gfarm_blobSeer/gfarm_bin//include conftest.c >&5
In file included from /Users/vitran/irisawork/Gfarm_blobSeer/gfarm_bin//include/gfarm/gfarm.h:5,
                 from conftest.c:54:
/Users/vitran/irisawork/Gfarm_blobSeer/gfarm_bin//include/gfarm/gfarm_config.h:187:1: warning: "PACKAGE_NAME" redefined
conftest.c:2:1: warning: this is the location of the previous definition
/Users/vitran/irisawork/Gfarm_blobSeer/gfarm_bin//include/gfarm/gfarm_config.h:190:1: warning: "PACKAGE_STRING" redefined
conftest.c:5:1: warning: this is the location of the previous definition
/Users/vitran/irisawork/Gfarm_blobSeer/gfarm_bin//include/gfarm/gfarm_config.h:193:1: warning: "PACKAGE_TARNAME" redefined
conftest.c:3:1: warning: this is the location of the previous definition
/Users/vitran/irisawork/Gfarm_blobSeer/gfarm_bin//include/gfarm/gfarm_config.h:196:1: warning: "PACKAGE_VERSION" redefined
conftest.c:4:1: warning: this is the location of the previous definition
configure:20470: $? = 0
configure:20484: result: yes
configure:20488: checking gfarm/gfarm.h presence
configure:20503: gcc -E  -I/Users/vitran/irisawork/Gfarm_blobSeer/gfarm_bin//include conftest.c
In file included from /Users/vitran/irisawork/Gfarm_blobSeer/gfarm_bin//include/gfarm/gfarm.h:5,
                 from conftest.c:21:
/Users/vitran/irisawork/Gfarm_blobSeer/gfarm_bin//include/gfarm/gfarm_config.h:187:1: warning: "PACKAGE_NAME" redefined
conftest.c:2:1: warning: this is the location of the previous definition
/Users/vitran/irisawork/Gfarm_blobSeer/gfarm_bin//include/gfarm/gfarm_config.h:190:1: warning: "PACKAGE_STRING" redefined
conftest.c:5:1: warning: this is the location of the previous definition
/Users/vitran/irisawork/Gfarm_blobSeer/gfarm_bin//include/gfarm/gfarm_config.h:193:1: warning: "PACKAGE_TARNAME" redefined
conftest.c:3:1: warning: this is the location of the previous definition
/Users/vitran/irisawork/Gfarm_blobSeer/gfarm_bin//include/gfarm/gfarm_config.h:196:1: warning: "PACKAGE_VERSION" redefined
conftest.c:4:1: warning: this is the location of the previous definition
configure:20509: $? = 0
configure:20523: result: yes
configure:20551: checking for gfarm/gfarm.h
configure:20559: result: yes
configure:20583: checking for blob_init in -lblobseer-c
configure:20618: gcc -o conftest -D__FreeBSD__=10  -I/Users/vitran/irisawork/Gfarm_blobSeer/gfarm_bin//include  -R/Users/vitran/irisawork/Gfarm_blobSeer/gfarm_bin//lib -L/Users/vitran/irisawork/Gfarm_blobSeer/gfarm_bin//lib conftest.c -lblobseer-c   >&5
ld: library not found for -lblobseer-c
collect2: ld returned 1 exit status
configure:20624: $? = 1
configure: failed program was:
| /* confdefs.h.  */
| #define PACKAGE_NAME "gfarm2fs"
| #define PACKAGE_TARNAME "gfarm2fs"
| #define PACKAGE_VERSION "0.9"
| #define PACKAGE_STRING "gfarm2fs 0.9"
| #define PACKAGE_BUGREPORT ""
| #define PACKAGE "gfarm2fs"
| #define VERSION "0.9"
| #define STDC_HEADERS 1
| #define HAVE_SYS_TYPES_H 1
| #define HAVE_SYS_STAT_H 1
| #define HAVE_STDLIB_H 1
| #define HAVE_STRING_H 1
| #define HAVE_MEMORY_H 1
| #define HAVE_STRINGS_H 1
| #define HAVE_INTTYPES_H 1
| #define HAVE_STDINT_H 1
| #define HAVE_UNISTD_H 1
| #define HAVE_DLFCN_H 1
| #define HAVE_GFARM_GFARM_H 1
| /* end confdefs.h.  */
| 
| /* Override any GCC internal prototype to avoid an error.
|    Use char because int might match the return type of a GCC
|    builtin and then its argument prototype would still apply.  */
| #ifdef __cplusplus
| extern "C"
| #endif
| char blob_init ();
| int
| main ()
| {
| return blob_init ();
|   ;
|   return 0;
| }
configure:20642: result: no
configure:20652: error: libblobseer not found

## ---------------- ##
## Cache variables. ##
## ---------------- ##

ac_cv_build=i686-apple-darwin10.3.0
ac_cv_c_compiler_gnu=yes
ac_cv_cxx_compiler_gnu=yes
ac_cv_env_CCC_set=
ac_cv_env_CCC_value=
ac_cv_env_CC_set=
ac_cv_env_CC_value=
ac_cv_env_CFLAGS_set=set
ac_cv_env_CFLAGS_value=-D__FreeBSD__=10
ac_cv_env_CPPFLAGS_set=
ac_cv_env_CPPFLAGS_value=
ac_cv_env_CPP_set=
ac_cv_env_CPP_value=
ac_cv_env_CXXCPP_set=
ac_cv_env_CXXCPP_value=
ac_cv_env_CXXFLAGS_set=
ac_cv_env_CXXFLAGS_value=
ac_cv_env_CXX_set=
ac_cv_env_CXX_value=
ac_cv_env_F77_set=
ac_cv_env_F77_value=
ac_cv_env_FFLAGS_set=
ac_cv_env_FFLAGS_value=
ac_cv_env_LDFLAGS_set=
ac_cv_env_LDFLAGS_value=
ac_cv_env_LIBS_set=
ac_cv_env_LIBS_value=
ac_cv_env_build_alias_set=
ac_cv_env_build_alias_value=
ac_cv_env_host_alias_set=
ac_cv_env_host_alias_value=
ac_cv_env_target_alias_set=
ac_cv_env_target_alias_value=
ac_cv_f77_compiler_gnu=no
ac_cv_header_dlfcn_h=yes
ac_cv_header_gfarm_gfarm_h=yes
ac_cv_header_inttypes_h=yes
ac_cv_header_memory_h=yes
ac_cv_header_stdc=yes
ac_cv_header_stdint_h=yes
ac_cv_header_stdlib_h=yes
ac_cv_header_string_h=yes
ac_cv_header_strings_h=yes
ac_cv_header_sys_stat_h=yes
ac_cv_header_sys_types_h=yes
ac_cv_header_unistd_h=yes
ac_cv_host=i686-apple-darwin10.3.0
ac_cv_lib_blobseer_c_blob_init=no
ac_cv_objext=o
ac_cv_path_EGREP='/usr/bin/grep -E'
ac_cv_path_GREP=/usr/bin/grep
ac_cv_path_install='/usr/bin/install -c'
ac_cv_prog_AWK=awk
ac_cv_prog_CPP='gcc -E'
ac_cv_prog_CXXCPP='g++ -E'
ac_cv_prog_ac_ct_AR=ar
ac_cv_prog_ac_ct_CC=gcc
ac_cv_prog_ac_ct_CXX=g++
ac_cv_prog_ac_ct_RANLIB=ranlib
ac_cv_prog_ac_ct_STRIP=strip
ac_cv_prog_cc_c89=
ac_cv_prog_cc_g=yes
ac_cv_prog_cxx_g=yes
ac_cv_prog_f77_g=no
ac_cv_prog_make_make_set=yes
ac_cv_sys_file_offset_bits=no
ac_cv_sys_largefile_CC=no
am_cv_CC_dependencies_compiler_type=gcc3
am_cv_CXX_dependencies_compiler_type=gcc3
lt_cv_deplibs_check_method=pass_all
lt_cv_file_magic_cmd='$MAGIC_CMD'
lt_cv_file_magic_test_file=
lt_cv_ld_reload_flag=-r
lt_cv_objdir=.libs
lt_cv_path_LD=/usr/libexec/gcc/i686-apple-darwin10/4.2.1/ld
lt_cv_path_LDCXX=/usr/libexec/gcc/i686-apple-darwin10/4.2.1/ld
lt_cv_path_NM=/usr/bin/nm
lt_cv_path_SED=/usr/bin/sed
lt_cv_prog_compiler_c_o=yes
lt_cv_prog_compiler_c_o_CXX=yes
lt_cv_prog_compiler_rtti_exceptions=no
lt_cv_prog_gnu_ld=no
lt_cv_prog_gnu_ldcxx=no
lt_cv_sys_global_symbol_pipe='sed -n -e '\''s/^.*[ 	]\([BCDEGRST][BCDEGRST]*\)[ 	][ 	]*_\([_A-Za-z][_A-Za-z0-9]*\)$/\1 _\2 \2/p'\'''
lt_cv_sys_global_symbol_to_c_name_address='sed -n -e '\''s/^: \([^ ]*\) $/  {\"\1\", (lt_ptr) 0},/p'\'' -e '\''s/^[BCDEGRST] \([^ ]*\) \([^ ]*\)$/  {"\2", (lt_ptr) \&\2},/p'\'''
lt_cv_sys_global_symbol_to_cdecl='sed -n -e '\''s/^. .* \(.*\)$/extern int \1;/p'\'''
lt_cv_sys_max_cmd_len=196608
lt_lt_cv_prog_compiler_c_o='"yes"'
lt_lt_cv_prog_compiler_c_o_CXX='"yes"'
lt_lt_cv_sys_global_symbol_pipe='"sed -n -e '\''s/^.*[ 	]\\([BCDEGRST][BCDEGRST]*\\)[ 	][ 	]*_\\([_A-Za-z][_A-Za-z0-9]*\\)\$/\\1 _\\2 \\2/p'\''"'
lt_lt_cv_sys_global_symbol_to_c_name_address='"sed -n -e '\''s/^: \\([^ ]*\\) \$/  {\\\"\\1\\\", (lt_ptr) 0},/p'\'' -e '\''s/^[BCDEGRST] \\([^ ]*\\) \\([^ ]*\\)\$/  {\"\\2\", (lt_ptr) \\&\\2},/p'\''"'
lt_lt_cv_sys_global_symbol_to_cdecl='"sed -n -e '\''s/^. .* \\(.*\\)\$/extern int \\1;/p'\''"'

## ----------------- ##
## Output variables. ##
## ----------------- ##

ACLOCAL='${SHELL} /Users/vitran/irisawork/BlobSeer/contrib/gfarm/gfarm2fs_blobseer/missing --run aclocal-1.9'
AMDEPBACKSLASH='\'
AMDEP_FALSE='#'
AMDEP_TRUE=''
AMTAR='${SHELL} /Users/vitran/irisawork/BlobSeer/contrib/gfarm/gfarm2fs_blobseer/missing --run tar'
AR='ar'
AUTOCONF='${SHELL} /Users/vitran/irisawork/BlobSeer/contrib/gfarm/gfarm2fs_blobseer/missing --run autoconf'
AUTOHEADER='${SHELL} /Users/vitran/irisawork/BlobSeer/contrib/gfarm/gfarm2fs_blobseer/missing --run autoheader'
AUTOMAKE='${SHELL} /Users/vitran/irisawork/BlobSeer/contrib/gfarm/gfarm2fs_blobseer/missing --run automake-1.9'
AWK='awk'
CC='gcc'
CCDEPMODE='depmode=gcc3'
CFLAGS='-D__FreeBSD__=10'
CPP='gcc -E'
CPPFLAGS=' -I/Users/vitran/irisawork/Gfarm_blobSeer/gfarm_bin//include'
CXX='g++'
CXXCPP='g++ -E'
CXXDEPMODE='depmode=gcc3'
CXXFLAGS='-g -O2'
CYGPATH_W='echo'
DEFS=''
DEPDIR='.deps'
ECHO='/bin/echo'
ECHO_C='ECHO_N=''
ECHO_T=''
EGREP='/usr/bin/grep -E'
EXEEXT=''
F77=''
FFLAGS=''
GREP='/usr/bin/grep'
INSTALL_DATA='${INSTALL} -m 644'
INSTALL_PROGRAM='${INSTALL}'
INSTALL_SCRIPT='${INSTALL}'
INSTALL_STRIP_PROGRAM='${SHELL} $(install_sh) -c -s'
LDFLAGS=' -R/Users/vitran/irisawork/Gfarm_blobSeer/gfarm_bin//lib -L/Users/vitran/irisawork/Gfarm_blobSeer/gfarm_bin//lib'
LIBOBJS=''
LIBS=''
LIBTOOL='$(SHELL) $(top_builddir)/libtool'
LN_S='ln -s'
LTLIBOBJS=''
MAINT='#'
MAINTAINER_MODE_FALSE=''
MAINTAINER_MODE_TRUE='#'
MAKEINFO='${SHELL} /Users/vitran/irisawork/BlobSeer/contrib/gfarm/gfarm2fs_blobseer/missing --run makeinfo'
OBJEXT='o'
PACKAGE='gfarm2fs'
PACKAGE_BUGREPORT=''
PACKAGE_NAME='gfarm2fs'
PACKAGE_STRING='gfarm2fs 0.9'
PACKAGE_TARNAME='gfarm2fs'
PACKAGE_VERSION='0.9'
PATH_SEPARATOR=':'
RANLIB='ranlib'
SED='/usr/bin/sed'
SET_MAKE=''
SHELL='/bin/sh'
STRIP='strip'
VERSION='0.9'
ac_ct_CC='gcc'
ac_ct_CXX='g++'
ac_ct_F77=''
am__fastdepCC_FALSE='#'
am__fastdepCC_TRUE=''
am__fastdepCXX_FALSE='#'
am__fastdepCXX_TRUE=''
am__include='include'
am__leading_dot='.'
am__quote=''
am__tar='${AMTAR} chof - "$$tardir"'
am__untar='${AMTAR} xf -'
bindir='${exec_prefix}/bin'
build='i686-apple-darwin10.3.0'
build_alias=''
build_cpu='i686'
build_os='darwin10.3.0'
build_vendor='apple'
datadir='${datarootdir}'
datarootdir='${prefix}/share'
docdir='${datarootdir}/doc/${PACKAGE_TARNAME}'
dvidir='${docdir}'
exec_prefix='NONE'
host='i686-apple-darwin10.3.0'
host_alias=''
host_cpu='i686'
host_os='darwin10.3.0'
host_vendor='apple'
htmldir='${docdir}'
includedir='${prefix}/include'
infodir='${datarootdir}/info'
install_sh='/Users/vitran/irisawork/BlobSeer/contrib/gfarm/gfarm2fs_blobseer/install-sh'
libdir='${exec_prefix}/lib'
libexecdir='${exec_prefix}/libexec'
localedir='${datarootdir}/locale'
localstatedir='${prefix}/var'
mandir='${datarootdir}/man'
mkdir_p='$(install_sh) -d'
oldincludedir='/usr/include'
pdfdir='${docdir}'
prefix='/Users/vitran/irisawork/Gfarm_blobSeer/gfarm2fs_bin'
program_transform_name='s,x,x,'
psdir='${docdir}'
sbindir='${exec_prefix}/sbin'
sharedstatedir='${prefix}/com'
sysconfdir='${prefix}/etc'
target_alias=''

## ----------- ##
## confdefs.h. ##
## ----------- ##

#define PACKAGE_NAME "gfarm2fs"
#define PACKAGE_TARNAME "gfarm2fs"
#define PACKAGE_VERSION "0.9"
#define PACKAGE_STRING "gfarm2fs 0.9"
#define PACKAGE_BUGREPORT ""
#define PACKAGE "gfarm2fs"
#define VERSION "0.9"
#define STDC_HEADERS 1
#define HAVE_SYS_TYPES_H 1
#define HAVE_SYS_STAT_H 1
#define HAVE_STDLIB_H 1
#define HAVE_STRING_H 1
#define HAVE_MEMORY_H 1
#define HAVE_STRINGS_H 1
#define HAVE_INTTYPES_H 1
#define HAVE_STDINT_H 1
#define HAVE_UNISTD_H 1
#define HAVE_DLFCN_H 1
#define HAVE_GFARM_GFARM_H 1

configure: exit 1
